2018-06-21 11:46:42  [ ContainerBackgroundProcessor[StandardEngine[Catalina]]:2680 ] - [ ERROR ]  Context initialization failed
org.springframework.beans.factory.UnsatisfiedDependencyException: Error creating bean with name 'messageHandler': Unsatisfied dependency expressed through field 'messageService'; nested exception is org.springframework.beans.factory.BeanCreationException: Error creating bean with name 'messageServiceBean' defined in file [D:\Users\Sun\Java_workspace\neuedu\.metadata\.plugins\org.eclipse.wst.server.core\tmp0\wtpwebapps\SSMPro2\WEB-INF\classes\com\neuedu\pro3\service\impl\MessageServiceBean.class]: Instantiation of bean failed; nested exception is org.springframework.beans.BeanInstantiationException: Failed to instantiate [com.neuedu.pro3.service.impl.MessageServiceBean]: Constructor threw exception; nested exception is java.lang.Error: Unresolved compilation problems: 
	Syntax error, insert "ClassBody" to complete ClassDeclaration
	Syntax error, insert "}" to complete Block
	Syntax error on tokens, delete these tokens
	Syntax error on token "int", @ expected
	Syntax error on token(s), misplaced construct(s)
	Syntax error, insert "enum Identifier" to complete EnumHeader
	Syntax error on token "int", @ expected
	Syntax error on token "int", delete this token
	Syntax error on token "throws", interface expected
	Syntax error on token "}", delete this token

	at org.springframework.beans.factory.annotation.AutowiredAnnotationBeanPostProcessor$AutowiredFieldElement.inject(AutowiredAnnotationBeanPostProcessor.java:592)
	at org.springframework.beans.factory.annotation.InjectionMetadata.inject(InjectionMetadata.java:88)
	at org.springframework.beans.factory.annotation.AutowiredAnnotationBeanPostProcessor.postProcessPropertyValues(AutowiredAnnotationBeanPostProcessor.java:370)
	at org.springframework.beans.factory.support.AbstractAutowireCapableBeanFactory.populateBean(AbstractAutowireCapableBeanFactory.java:1219)
	at org.springframework.beans.factory.support.AbstractAutowireCapableBeanFactory.doCreateBean(AbstractAutowireCapableBeanFactory.java:551)
	at org.springframework.beans.factory.support.AbstractAutowireCapableBeanFactory.createBean(AbstractAutowireCapableBeanFactory.java:482)
	at org.springframework.beans.factory.support.AbstractBeanFactory$1.getObject(AbstractBeanFactory.java:306)
	at org.springframework.beans.factory.support.DefaultSingletonBeanRegistry.getSingleton(DefaultSingletonBeanRegistry.java:230)
	at org.springframework.beans.factory.support.AbstractBeanFactory.doGetBean(AbstractBeanFactory.java:302)
	at org.springframework.beans.factory.support.AbstractBeanFactory.getBean(AbstractBeanFactory.java:197)
	at org.springframework.beans.factory.support.DefaultListableBeanFactory.preInstantiateSingletons(DefaultListableBeanFactory.java:754)
	at org.springframework.context.support.AbstractApplicationContext.finishBeanFactoryInitialization(AbstractApplicationContext.java:866)
	at org.springframework.context.support.AbstractApplicationContext.refresh(AbstractApplicationContext.java:542)
	at org.springframework.web.context.ContextLoader.configureAndRefreshWebApplicationContext(ContextLoader.java:444)
	at org.springframework.web.context.ContextLoader.initWebApplicationContext(ContextLoader.java:326)
	at org.springframework.web.context.ContextLoaderListener.contextInitialized(ContextLoaderListener.java:107)
	at org.apache.catalina.core.StandardContext.listenerStart(StandardContext.java:5118)
	at org.apache.catalina.core.StandardContext.startInternal(StandardContext.java:5634)
	at org.apache.catalina.util.LifecycleBase.start(LifecycleBase.java:145)
	at org.apache.catalina.core.StandardContext.reload(StandardContext.java:4138)
	at org.apache.catalina.loader.WebappLoader.backgroundProcess(WebappLoader.java:425)
	at org.apache.catalina.core.ContainerBase.backgroundProcess(ContainerBase.java:1341)
	at org.apache.catalina.core.ContainerBase$ContainerBackgroundProcessor.processChildren(ContainerBase.java:1542)
	at org.apache.catalina.core.ContainerBase$ContainerBackgroundProcessor.processChildren(ContainerBase.java:1552)
	at org.apache.catalina.core.ContainerBase$ContainerBackgroundProcessor.processChildren(ContainerBase.java:1552)
	at org.apache.catalina.core.ContainerBase$ContainerBackgroundProcessor.run(ContainerBase.java:1520)
	at java.lang.Thread.run(Thread.java:745)
Caused by: org.springframework.beans.factory.BeanCreationException: Error creating bean with name 'messageServiceBean' defined in file [D:\Users\Sun\Java_workspace\neuedu\.metadata\.plugins\org.eclipse.wst.server.core\tmp0\wtpwebapps\SSMPro2\WEB-INF\classes\com\neuedu\pro3\service\impl\MessageServiceBean.class]: Instantiation of bean failed; nested exception is org.springframework.beans.BeanInstantiationException: Failed to instantiate [com.neuedu.pro3.service.impl.MessageServiceBean]: Constructor threw exception; nested exception is java.lang.Error: Unresolved compilation problems: 
	Syntax error, insert "ClassBody" to complete ClassDeclaration
	Syntax error, insert "}" to complete Block
	Syntax error on tokens, delete these tokens
	Syntax error on token "int", @ expected
	Syntax error on token(s), misplaced construct(s)
	Syntax error, insert "enum Identifier" to complete EnumHeader
	Syntax error on token "int", @ expected
	Syntax error on token "int", delete this token
	Syntax error on token "throws", interface expected
	Syntax error on token "}", delete this token

	at org.springframework.beans.factory.support.AbstractAutowireCapableBeanFactory.instantiateBean(AbstractAutowireCapableBeanFactory.java:1110)
	at org.springframework.beans.factory.support.AbstractAutowireCapableBeanFactory.createBeanInstance(AbstractAutowireCapableBeanFactory.java:1054)
	at org.springframework.beans.factory.support.AbstractAutowireCapableBeanFactory.doCreateBean(AbstractAutowireCapableBeanFactory.java:512)
	at org.springframework.beans.factory.support.AbstractAutowireCapableBeanFactory.createBean(AbstractAutowireCapableBeanFactory.java:482)
	at org.springframework.beans.factory.support.AbstractBeanFactory$1.getObject(AbstractBeanFactory.java:306)
	at org.springframework.beans.factory.support.DefaultSingletonBeanRegistry.getSingleton(DefaultSingletonBeanRegistry.java:230)
	at org.springframework.beans.factory.support.AbstractBeanFactory.doGetBean(AbstractBeanFactory.java:302)
	at org.springframework.beans.factory.support.AbstractBeanFactory.getBean(AbstractBeanFactory.java:202)
	at org.springframework.beans.factory.config.DependencyDescriptor.resolveCandidate(DependencyDescriptor.java:207)
	at org.springframework.beans.factory.support.DefaultListableBeanFactory.doResolveDependency(DefaultListableBeanFactory.java:1131)
	at org.springframework.beans.factory.support.DefaultListableBeanFactory.resolveDependency(DefaultListableBeanFactory.java:1059)
	at org.springframework.beans.factory.annotation.AutowiredAnnotationBeanPostProcessor$AutowiredFieldElement.inject(AutowiredAnnotationBeanPostProcessor.java:589)
	... 26 more
Caused by: org.springframework.beans.BeanInstantiationException: Failed to instantiate [com.neuedu.pro3.service.impl.MessageServiceBean]: Constructor threw exception; nested exception is java.lang.Error: Unresolved compilation problems: 
	Syntax error, insert "ClassBody" to complete ClassDeclaration
	Syntax error, insert "}" to complete Block
	Syntax error on tokens, delete these tokens
	Syntax error on token "int", @ expected
	Syntax error on token(s), misplaced construct(s)
	Syntax error, insert "enum Identifier" to complete EnumHeader
	Syntax error on token "int", @ expected
	Syntax error on token "int", delete this token
	Syntax error on token "throws", interface expected
	Syntax error on token "}", delete this token

	at org.springframework.beans.BeanUtils.instantiateClass(BeanUtils.java:154)
	at org.springframework.beans.factory.support.SimpleInstantiationStrategy.instantiate(SimpleInstantiationStrategy.java:89)
	at org.springframework.beans.factory.support.AbstractAutowireCapableBeanFactory.instantiateBean(AbstractAutowireCapableBeanFactory.java:1102)
	... 37 more
Caused by: java.lang.Error: Unresolved compilation problems: 
	Syntax error, insert "ClassBody" to complete ClassDeclaration
	Syntax error, insert "}" to complete Block
	Syntax error on tokens, delete these tokens
	Syntax error on token "int", @ expected
	Syntax error on token(s), misplaced construct(s)
	Syntax error, insert "enum Identifier" to complete EnumHeader
	Syntax error on token "int", @ expected
	Syntax error on token "int", delete this token
	Syntax error on token "throws", interface expected
	Syntax error on token "}", delete this token

	at com.neuedu.pro3.service.impl.MessageServiceBean.<init>(MessageServiceBean.java:21)
	at sun.reflect.NativeConstructorAccessorImpl.newInstance0(Native Method)
	at sun.reflect.NativeConstructorAccessorImpl.newInstance(NativeConstructorAccessorImpl.java:62)
	at sun.reflect.DelegatingConstructorAccessorImpl.newInstance(DelegatingConstructorAccessorImpl.java:45)
	at java.lang.reflect.Constructor.newInstance(Constructor.java:423)
	at org.springframework.beans.BeanUtils.instantiateClass(BeanUtils.java:142)
	... 39 more
